{"/home/chetan/Desktop/Lobb Project/VueJS - Developer Task/src/stores/contentStore.js": {"path":"/home/chetan/Desktop/Lobb Project/VueJS - Developer Task/src/stores/contentStore.js","statementMap":{"0":{"start":{"line":5,"column":17},"end":{"line":5,"column":79}},"1":{"start":{"line":7,"column":20},"end":{"line":7,"column":82}},"2":{"start":{"line":10,"column":31},"end":{"line":71,"column":2}},"3":{"start":{"line":11,"column":16},"end":{"line":16,"column":3}},"4":{"start":{"line":22,"column":6},"end":{"line":22,"column":25}},"5":{"start":{"line":23,"column":6},"end":{"line":23,"column":23}},"6":{"start":{"line":24,"column":6},"end":{"line":35,"column":7}},"7":{"start":{"line":26,"column":20},"end":{"line":26,"column":76}},"8":{"start":{"line":27,"column":8},"end":{"line":27,"column":35}},"9":{"start":{"line":29,"column":8},"end":{"line":29,"column":27}},"10":{"start":{"line":31,"column":8},"end":{"line":31,"column":46}},"11":{"start":{"line":34,"column":8},"end":{"line":34,"column":28}},"12":{"start":{"line":40,"column":6},"end":{"line":44,"column":7}},"13":{"start":{"line":42,"column":8},"end":{"line":42,"column":42}},"14":{"start":{"line":43,"column":8},"end":{"line":43,"column":14}},"15":{"start":{"line":46,"column":6},"end":{"line":46,"column":25}},"16":{"start":{"line":47,"column":6},"end":{"line":47,"column":23}},"17":{"start":{"line":48,"column":6},"end":{"line":63,"column":7}},"18":{"start":{"line":50,"column":20},"end":{"line":54,"column":10}},"19":{"start":{"line":55,"column":8},"end":{"line":55,"column":39}},"20":{"start":{"line":57,"column":8},"end":{"line":57,"column":27}},"21":{"start":{"line":59,"column":8},"end":{"line":59,"column":43}},"22":{"start":{"line":62,"column":8},"end":{"line":62,"column":28}},"23":{"start":{"line":69,"column":25},"end":{"line":69,"column":58}}},"fnMap":{"0":{"name":"(anonymous_0)","decl":{"start":{"line":11,"column":9},"end":{"line":11,"column":10}},"loc":{"start":{"line":11,"column":16},"end":{"line":16,"column":3}},"line":11},"1":{"name":"(anonymous_1)","decl":{"start":{"line":21,"column":4},"end":{"line":21,"column":5}},"loc":{"start":{"line":21,"column":31},"end":{"line":36,"column":5}},"line":21},"2":{"name":"(anonymous_2)","decl":{"start":{"line":39,"column":4},"end":{"line":39,"column":5}},"loc":{"start":{"line":39,"column":25},"end":{"line":64,"column":5}},"line":39},"3":{"name":"(anonymous_3)","decl":{"start":{"line":69,"column":14},"end":{"line":69,"column":15}},"loc":{"start":{"line":69,"column":25},"end":{"line":69,"column":58}},"line":69}},"branchMap":{"0":{"loc":{"start":{"line":40,"column":6},"end":{"line":44,"column":7}},"type":"if","locations":[{"start":{"line":40,"column":6},"end":{"line":44,"column":7}},{"start":{},"end":{}}],"line":40},"1":{"loc":{"start":{"line":69,"column":25},"end":{"line":69,"column":58}},"type":"binary-expr","locations":[{"start":{"line":69,"column":25},"end":{"line":69,"column":40}},{"start":{"line":69,"column":44},"end":{"line":69,"column":58}}],"line":69}},"s":{"0":1,"1":1,"2":1,"3":9,"4":2,"5":2,"6":2,"7":2,"8":1,"9":1,"10":1,"11":2,"12":3,"13":1,"14":1,"15":2,"16":2,"17":2,"18":2,"19":1,"20":1,"21":1,"22":2,"23":3},"f":{"0":9,"1":2,"2":3,"3":3},"b":{"0":[1,2],"1":[3,2]},"_coverageSchema":"1a1c01bbd47fc00a2c39e90264f33305004495a9","hash":"26b0f7d9048710dc95c248b1b3dd338e514de0dd"}
}
